[2026-05-24 12:47:28 PM] Container started: inspiring_borg
[2026-05-24 12:47:33 PM] Container stopped: inspiring_borg
[2026-05-24 12:48:05 PM] Container started: gallant_gates
[2026-05-24 10:36:06 PM] Container started: inspiring_borg
[2026-05-24 10:36:08 PM] Container started: inspiring_borg
[2026-05-24 10:36:28 PM] Container restarted: inspiring_borg
[2026-05-24 10:36:39 PM] Container stopped: notessharing-db-1
[2026-05-24 10:37:20 PM] Container restarted: inspiring_borg
[2026-05-24 10:43:14 PM] Container stopped: inspiring_borg
[2026-05-24 10:49:52 PM] Container started: test-nginx
[2026-05-24 10:49:59 PM] Container stopped: test-nginx
[2026-05-24 10:53:38 PM] Container stopped: test-nginx
[2026-05-24 11:31:09 PM] Container started: inspiring_borg
[2026-05-24 11:31:48 PM] Container stopped: test-nginx
[2026-05-24 11:31:49 PM] Container stopped: inspiring_borg
[2026-05-24 11:31:50 PM] Container stopped: flamboyant_mclaren
[2026-05-24 11:38:11 PM] Container restarted: inspiring_borg
[2026-05-24 11:38:12 PM] Container started: inspiring_borg
[2026-05-24 11:38:30 PM] Container started: test-nginx
[2026-05-24 11:38:41 PM] Container stopped: inspiring_borg
[2026-05-24 11:38:43 PM] Container stopped: test-nginx
[2026-05-24 11:38:46 PM] Container restarted: inspiring_borg
[2026-05-24 11:52:09 PM] Container stopped: inspiring_borg
[2026-05-24 11:52:26 PM] Container restarted: inspiring_borg
[2026-05-24 11:52:33 PM] Container restarted: test-nginx
[2026-05-24 11:54:18 PM] Container stopped: inspiring_borg
[2026-05-24 11:54:18 PM] Container stopped: test-nginx
[2026-05-25 12:08:05 AM] Container started: inspiring_borg
[2026-05-25 12:36:42 AM] Container stopped: inspiring_borg
[2026-05-25 12:44:29 AM] Container restarted: notessharing-web-1
[2026-05-25 12:44:35 AM] Container stopped: notessharing-web-1
[2026-05-25 12:49:10 AM] Container restarted: flamboyant_mclaren
[2026-05-25 12:49:16 AM] Container stopped: flamboyant_mclaren
[2026-05-25 02:19:03 AM] Container started: gallant_gates
[2026-05-25 02:35:02 AM] Container started: inspiring_borg
[2026-05-25 02:44:42 AM] Container stopped: inspiring_borg
[2026-05-25 02:44:45 AM] Container restarted: inspiring_borg
[2026-05-25 02:44:48 AM] Container restarted: test-nginx
[2026-05-25 02:44:54 AM] Container restarted: gallant_gates
[2026-05-25 02:45:48 AM] Container stopped: inspiring_borg
[2026-05-25 02:45:49 AM] Container stopped: test-nginx
[2026-05-25 02:45:52 AM] Container stopped: gallant_gates
[2026-05-25 02:45:55 AM] Container restarted: exciting_wozniak
[2026-05-25 03:01:24 AM] Container restarted: exciting_wozniak
